2025-03-13 21:03:44 Loading main app package /tmp/.mount_ObsidisUExzj/resources/obsidian.asar
2025-03-13 21:03:44 Checking for update using Github
2025-03-13 21:03:45 Success.
2025-03-13 21:03:45 Latest version is 1.8.9
2025-03-13 21:03:45 App is up to date.
2025-03-13 21:04:02 Loading main app package /tmp/.mount_Obsidicm1YUe/resources/obsidian.asar
2025-03-13 21:04:02 Checking for update using Github
2025-03-13 21:04:02 Success.
2025-03-13 21:04:02 Latest version is 1.8.9
2025-03-13 21:04:02 App is up to date.
2025-03-14 21:56:42 Checking for update using Github
2025-03-14 21:56:42 Success.
2025-03-14 21:56:42 Latest version is 1.8.9
2025-03-14 21:56:42 App is up to date.
2025-03-14 22:56:42 Checking for update using Github
2025-03-14 22:56:42 Success.
2025-03-14 22:56:42 Latest version is 1.8.9
2025-03-14 22:56:42 App is up to date.
2025-03-14 23:56:42 Checking for update using Github
2025-03-14 23:56:42 Success.
2025-03-14 23:56:42 Latest version is 1.8.9
2025-03-14 23:56:42 App is up to date.
2025-03-15 00:56:42 Checking for update using Github
2025-03-15 00:56:42 Success.
2025-03-15 00:56:42 Latest version is 1.8.9
2025-03-15 00:56:42 App is up to date.
2025-03-15 01:56:42 Checking for update using Github
2025-03-15 01:56:42 Success.
2025-03-15 01:56:42 Latest version is 1.8.9
2025-03-15 01:56:42 App is up to date.
2025-03-15 02:56:42 Checking for update using Github
2025-03-15 02:56:42 Success.
2025-03-15 02:56:42 Latest version is 1.8.9
2025-03-15 02:56:42 App is up to date.
2025-03-15 03:56:42 Checking for update using Github
2025-03-15 03:56:42 Success.
2025-03-15 03:56:42 Latest version is 1.8.9
2025-03-15 03:56:42 App is up to date.
2025-03-15 04:56:42 Checking for update using Github
2025-03-15 04:56:42 Success.
2025-03-15 04:56:42 Latest version is 1.8.9
2025-03-15 04:56:42 App is up to date.
2025-03-15 05:56:42 Checking for update using Github
2025-03-15 05:56:42 Success.
2025-03-15 05:56:42 Latest version is 1.8.9
2025-03-15 05:56:42 App is up to date.
2025-03-16 03:44:01 Checking for update using Github
2025-03-16 03:44:01 Success.
2025-03-16 03:44:01 Latest version is 1.8.9
2025-03-16 03:44:01 App is up to date.
2025-03-16 04:44:01 Checking for update using Github
2025-03-16 04:44:01 Success.
2025-03-16 04:44:01 Latest version is 1.8.9
2025-03-16 04:44:01 App is up to date.
2025-03-16 05:44:01 Checking for update using Github
2025-03-16 05:44:01 Success.
2025-03-16 05:44:01 Latest version is 1.8.9
2025-03-16 05:44:01 App is up to date.
2025-03-16 06:44:01 Checking for update using Github
2025-03-16 06:44:01 Success.
2025-03-16 06:44:01 Latest version is 1.8.9
2025-03-16 06:44:01 App is up to date.
2025-03-16 19:08:13 Loading main app package /tmp/.mount_ObsidisvN9nf/resources/obsidian.asar
2025-03-16 19:08:14 Checking for update using Github
2025-03-16 19:08:14 Success.
2025-03-16 19:08:14 Latest version is 1.8.9
2025-03-16 19:08:14 App is up to date.
2025-03-16 20:08:13 Checking for update using Github
2025-03-16 20:08:13 Success.
2025-03-16 20:08:13 Latest version is 1.8.9
2025-03-16 20:08:13 App is up to date.
2025-03-16 21:08:13 Checking for update using Github
2025-03-16 21:08:13 Success.
2025-03-16 21:08:13 Latest version is 1.8.9
2025-03-16 21:08:13 App is up to date.
2025-03-17 21:12:01 Checking for update using Github
2025-03-17 21:12:01 Success.
2025-03-17 21:12:01 Latest version is 1.8.9
2025-03-17 21:12:01 App is up to date.
2025-03-19 22:07:38 Loading main app package /tmp/.mount_ObsiditdhsTu/resources/obsidian.asar
2025-03-19 22:07:39 Checking for update using Github
2025-03-19 22:07:39 Success.
2025-03-19 22:07:39 Latest version is 1.8.9
2025-03-19 22:07:39 App is up to date.
